[2025-08-12 12:26:55] === Starting file organization ===
[2025-08-12 12:26:55] Moved 4 CSV/Excel file(s) to /d/Downloads/.csv and excels
[2025-08-12 12:26:55] Moved 1 image file(s) to /d/Downloads/.image files
[2025-08-12 12:26:55] === File organization completed ===
[2025-08-12 12:26:55] 
[2025-08-12 14:00:01] === Starting file organization ===
[2025-08-12 14:00:01] === File organization completed ===
[2025-08-12 14:00:01] 
[2025-08-12 14:15:01] === Starting file organization ===
[2025-08-12 14:15:02] === File organization completed ===
[2025-08-12 14:15:02] 
[2025-08-12 14:15:34] === Starting file organization ===
[2025-08-12 14:15:35] Created directory: /d/Downloads/.document files
[2025-08-12 14:15:35] Moved 6 document file(s) to /d/Downloads/.document files
[2025-08-12 14:15:35] Created directory: /d/Downloads/.setup files
[2025-08-12 14:15:35] Moved 27 setup/installer file(s) to /d/Downloads/.setup files
[2025-08-12 14:15:35] Created directory: /d/Downloads/.font files
[2025-08-12 14:15:35] Moved 1 font file(s) to /d/Downloads/.font files
[2025-08-12 14:15:35] Created directory: /d/Downloads/.archive files
[2025-08-12 14:15:35] Moved 1 archive file(s) to /d/Downloads/.archive files
[2025-08-12 14:15:35] Created directory: /d/Downloads/.system files
[2025-08-12 14:15:35] Moved 3 system/ISO file(s) to /d/Downloads/.system files
[2025-08-12 14:15:36] Created directory: /d/Downloads/.email files
[2025-08-12 14:15:36] Moved 2 email file(s) to /d/Downloads/.email files
[2025-08-12 14:15:36] Created directory: /d/Downloads/.text files
[2025-08-12 14:15:36] Moved 3 text file(s) to /d/Downloads/.text files
[2025-08-12 14:15:36] Moved 4 encrypted/plugin file(s) to /d/Downloads/.system files
[2025-08-12 14:15:36] Moved 1 playlist file(s) to /d/Downloads/.audio files
[2025-08-12 14:15:36] === File organization completed ===
[2025-08-12 14:15:36] 
[2025-08-12 14:30:01] === Starting file organization ===
[2025-08-12 14:30:02] === File organization completed ===
[2025-08-12 14:30:02] 
[2025-08-12 14:45:01] === Starting file organization ===
[2025-08-12 14:45:02] === File organization completed ===
[2025-08-12 14:45:02] 
[2025-08-12 15:00:01] === Starting file organization ===
[2025-08-12 15:00:02] === File organization completed ===
[2025-08-12 15:00:02] 
[2025-08-12 15:15:01] === Starting file organization ===
[2025-08-12 15:15:01] Moved 1 CSV/Excel file(s) to /d/Downloads/.csv and excels
[2025-08-12 15:15:02] === File organization completed ===
[2025-08-12 15:15:02] 
[2025-08-12 15:30:01] === Starting file organization ===
[2025-08-12 15:30:02] === File organization completed ===
[2025-08-12 15:30:02] 
[2025-08-12 15:45:01] === Starting file organization ===
[2025-08-12 15:45:02] === File organization completed ===
[2025-08-12 15:45:02] 
[2025-08-12 16:00:01] === Starting file organization ===
[2025-08-12 16:00:02] === File organization completed ===
[2025-08-12 16:00:02] 
[2025-08-12 16:15:01] === Starting file organization ===
[2025-08-12 16:15:02] === File organization completed ===
[2025-08-12 16:15:02] 
[2025-08-12 16:30:01] === Starting file organization ===
[2025-08-12 16:30:02] === File organization completed ===
[2025-08-12 16:30:02] 
[2025-08-12 16:45:01] === Starting file organization ===
[2025-08-12 16:45:02] === File organization completed ===
[2025-08-12 16:45:02] 
[2025-08-12 17:00:01] === Starting file organization ===
[2025-08-12 17:00:02] Moved 1 PDF file(s) to /d/Downloads/.pdf files
[2025-08-12 17:00:02] === File organization completed ===
[2025-08-12 17:00:02] 
[2025-08-12 17:15:01] === Starting file organization ===
[2025-08-12 17:15:02] Moved 5 image file(s) to /d/Downloads/.image files
[2025-08-12 17:15:02] === File organization completed ===
[2025-08-12 17:15:02] 
[2025-08-12 17:30:01] === Starting file organization ===
[2025-08-12 17:30:02] === File organization completed ===
[2025-08-12 17:30:02] 
